<?xml version="1.0" encoding="UTF-8"?>
<!-- Generated by org.testng.reporters.JUnitReportReporter -->
<testsuite hostname="DESKTOP-HAREG96" failures="0" tests="1" name="TestCases.VerifySignUp" time="84.689" errors="0" timestamp="2022-04-05T15:28:20 IST" skipped="0">
  <testcase classname="TestCases.VerifySignUp" name="enterCredential" time="84.689"/>
  <system-out/>
</testsuite> <!-- TestCases.VerifySignUp -->
