<?xml version="1.0" encoding="UTF-8"?>
<!-- Generated by org.testng.reporters.JUnitReportReporter -->
<testsuite hostname="DESKTOP-HAREG96" failures="0" tests="1" name="TestCases.VerifyLogin" time="43.005" errors="0" timestamp="2022-04-05T15:28:20 IST" skipped="0">
  <testcase classname="TestCases.VerifyLogin" name="enterCredentials" time="43.005"/>
  <system-out/>
</testsuite> <!-- TestCases.VerifyLogin -->
