<?xml version="1.0" encoding="UTF-8"?>
<!-- Generated by org.testng.reporters.JUnitReportReporter -->
<testsuite hostname="DESKTOP-HAREG96" failures="0" tests="1" name="E2EProject.SeleniumTestngProjectDemo.VerifyLogin" time="16.239" errors="0" timestamp="2022-04-01T19:08:13 IST" skipped="0">
  <testcase classname="E2EProject.SeleniumTestngProjectDemo.VerifyLogin" name="enterCredentials" time="16.239"/>
  <system-out/>
</testsuite> <!-- E2EProject.SeleniumTestngProjectDemo.VerifyLogin -->
