<?xml version="1.0" encoding="UTF-8"?>
<!-- Generated by org.testng.reporters.JUnitReportReporter -->
<testsuite hostname="DESKTOP-HAREG96" failures="0" tests="1" name="E2EProject.SeleniumTestngProjectDemo.VerifySignUp" time="50.126" errors="0" timestamp="2022-04-04T10:21:34 IST" skipped="0">
  <testcase classname="E2EProject.SeleniumTestngProjectDemo.VerifySignUp" name="enterCredential" time="50.126"/>
  <system-out/>
</testsuite> <!-- E2EProject.SeleniumTestngProjectDemo.VerifySignUp -->
