<?xml version="1.0" encoding="UTF-8"?>
<!-- Generated by org.testng.reporters.JUnitReportReporter -->
<testsuite hostname="DESKTOP-HAREG96" failures="0" tests="1" name="E2EProject.SeleniumTestngProjectDemo.VerifySignUp" time="27.553" errors="0" timestamp="2022-04-02T11:03:28 IST" skipped="0">
  <testcase classname="E2EProject.SeleniumTestngProjectDemo.VerifySignUp" name="enterCredential" time="27.553"/>
  <system-out/>
</testsuite> <!-- E2EProject.SeleniumTestngProjectDemo.VerifySignUp -->
