<?xml version="1.0" encoding="UTF-8"?>
<!-- Generated by org.testng.reporters.JUnitReportReporter -->
<testsuite hostname="DESKTOP-HAREG96" failures="0" tests="1" name="Resources.VerifyLogin" time="17.829" errors="0" timestamp="2022-03-31T08:57:48 IST" skipped="0">
  <testcase classname="Resources.VerifyLogin" name="urlLAunch" time="17.829"/>
  <system-out/>
</testsuite> <!-- Resources.VerifyLogin -->
