<?xml version="1.0" encoding="UTF-8"?>
<!-- Generated by org.testng.reporters.JUnitReportReporter -->
<testsuite skipped="0" hostname="DESKTOP-HAREG96" name="TestCases.VerifySignUp" tests="1" failures="0" timestamp="2022-04-05T15:37:29 IST" time="71.309" errors="0">
  <testcase name="enterCredential" time="71.309" classname="TestCases.VerifySignUp"/>
  <system-out/>
</testsuite> <!-- TestCases.VerifySignUp -->
