<?xml version="1.0" encoding="UTF-8"?>
<!-- Generated by org.testng.reporters.JUnitReportReporter -->
<testsuite skipped="0" hostname="DESKTOP-HAREG96" name="TestCases.VerifyLogin" tests="1" failures="0" timestamp="2022-04-05T15:37:29 IST" time="52.063" errors="0">
  <testcase name="enterCredentials" time="52.063" classname="TestCases.VerifyLogin"/>
  <system-out/>
</testsuite> <!-- TestCases.VerifyLogin -->
